C:\USERS\雨尘\DESKTOP\GAMES\蘑菇头7.0\RISKPLUS\SOURCECODE\VCPROJECT2010\VCPROJECT2010\DEBUG\LESSONX.OBJ
C:\USERS\雨尘\DESKTOP\GAMES\蘑菇头7.0\RISKPLUS\SOURCECODE\VCPROJECT2010\VCPROJECT2010\DEBUG\MAIN.OBJ
C:\USERS\雨尘\DESKTOP\GAMES\蘑菇头7.0\RISKPLUS\SOURCECODE\VCPROJECT2010\VCPROJECT2010\DEBUG\VC110.PDB
C:\USERS\雨尘\DESKTOP\GAMES\蘑菇头7.0\RISKPLUS\BIN\GAME.EXE
C:\USERS\雨尘\DESKTOP\GAMES\蘑菇头7.0\RISKPLUS\SOURCECODE\VCPROJECT2010\VCPROJECT2010\DEBUG\GAME.PDB
C:\USERS\雨尘\DESKTOP\GAMES\蘑菇头7.0\RISKPLUS\SOURCECODE\VCPROJECT2010\VCPROJECT2010\DEBUG\VCTEMPLATE.RES
C:\Users\雨尘\Desktop\Games\蘑菇头7.0\RiskPlus\SourceCode\VCProject2010\VCProject2010\Debug\LessonX.obj
C:\Users\雨尘\Desktop\Games\蘑菇头7.0\RiskPlus\SourceCode\VCProject2010\VCProject2010\Debug\Main.obj
C:\Users\雨尘\Desktop\Games\蘑菇头7.0\RiskPlus\SourceCode\VCProject2010\VCProject2010\Debug\cl.command.1.tlog
C:\Users\雨尘\Desktop\Games\蘑菇头7.0\RiskPlus\SourceCode\VCProject2010\VCProject2010\Debug\CL.read.1.tlog
C:\Users\雨尘\Desktop\Games\蘑菇头7.0\RiskPlus\SourceCode\VCProject2010\VCProject2010\Debug\CL.write.1.tlog
C:\Users\雨尘\Desktop\Games\蘑菇头7.0\RiskPlus\SourceCode\VCProject2010\VCProject2010\Debug\link-cvtres.read.1.tlog
C:\Users\雨尘\Desktop\Games\蘑菇头7.0\RiskPlus\SourceCode\VCProject2010\VCProject2010\Debug\link-cvtres.write.1.tlog
C:\Users\雨尘\Desktop\Games\蘑菇头7.0\RiskPlus\SourceCode\VCProject2010\VCProject2010\Debug\link.command.1.tlog
C:\Users\雨尘\Desktop\Games\蘑菇头7.0\RiskPlus\SourceCode\VCProject2010\VCProject2010\Debug\link.read.1.tlog
C:\Users\雨尘\Desktop\Games\蘑菇头7.0\RiskPlus\SourceCode\VCProject2010\VCProject2010\Debug\link.write.1.tlog
C:\Users\雨尘\Desktop\Games\蘑菇头7.0\RiskPlus\SourceCode\VCProject2010\VCProject2010\Debug\rc.command.1.tlog
C:\Users\雨尘\Desktop\Games\蘑菇头7.0\RiskPlus\SourceCode\VCProject2010\VCProject2010\Debug\rc.read.1.tlog
C:\Users\雨尘\Desktop\Games\蘑菇头7.0\RiskPlus\SourceCode\VCProject2010\VCProject2010\Debug\rc.write.1.tlog
C:\Users\雨尘\Desktop\Games\蘑菇头7.0\RiskPlus\SourceCode\VCProject2010\VCProject2010\Debug\VCTemplate.res
C:\Users\雨尘\Desktop\Games\蘑菇头7.0\RiskPlus\SourceCode\VCProject2010\VCProject2010\Debug\vc110.idb
C:\Users\雨尘\Desktop\Games\蘑菇头7.0\RiskPlus\SourceCode\VCProject2010\VCProject2010\Debug\Game.pdb
C:\Users\雨尘\Desktop\Games\蘑菇头7.0\RiskPlus\SourceCode\VCProject2010\VCProject2010\Debug\vc110.pdb
C:\Users\雨尘\Desktop\Games\蘑菇头7.0\RiskPlus\SourceCode\VCProject2010\VCProject2010\..\..\..\Bin\Game.exe
