生成启动时间为 2018/9/16 22:07:46。
项目“C:\Users\asus\Desktop\蘑菇头.Final\RiskPlus\SourceCode\VCProject2010\VCProject2010\VCProject2010.vcxproj”在节点 2 上(Build 个目标)。
InitializeBuildStatus:
  正在创建“Debug\VCProject2010.unsuccessfulbuild”，因为已指定“AlwaysCreate”。
ClCompile:
  D:\VC2012\VC\bin\CL.exe /c /I../../Header /ZI /nologo /W3 /WX- /Od /Oy- /D WIN32 /D _DEBUG /D _WINDOWS /Gm /EHsc /RTC1 /MDd /GS /fp:precise /Zc:wchar_t /Zc:forScope /Fo"Debug\\" /Fd"Debug\vc110.pdb" /Gd /TP /analyze- /errorReport:prompt ..\..\Src\LessonX.cpp
  LessonX.cpp
c:\users\asus\desktop\蘑菇头.final\riskplus\sourcecode\src\lessonx.cpp(103): warning C4244: “初始化”: 从“float”转换到“int”，可能丢失数据
c:\users\asus\desktop\蘑菇头.final\riskplus\sourcecode\src\lessonx.cpp(107): warning C4244: “初始化”: 从“float”转换到“int”，可能丢失数据
c:\users\asus\desktop\蘑菇头.final\riskplus\sourcecode\src\lessonx.cpp(111): warning C4244: “初始化”: 从“float”转换到“int”，可能丢失数据
c:\users\asus\desktop\蘑菇头.final\riskplus\sourcecode\src\lessonx.cpp(115): warning C4244: “初始化”: 从“float”转换到“int”，可能丢失数据
c:\users\asus\desktop\蘑菇头.final\riskplus\sourcecode\src\lessonx.cpp(291): warning C4244: “=”: 从“float”转换到“int”，可能丢失数据
c:\users\asus\desktop\蘑菇头.final\riskplus\sourcecode\src\lessonx.cpp(605): warning C4244: “参数”: 从“float”转换到“int”，可能丢失数据
c:\users\asus\desktop\蘑菇头.final\riskplus\sourcecode\src\lessonx.cpp(995): warning C4244: “参数”: 从“float”转换到“int”，可能丢失数据
c:\users\asus\desktop\蘑菇头.final\riskplus\sourcecode\src\lessonx.cpp(1101): warning C4244: “初始化”: 从“double”转换到“float”，可能丢失数据
c:\users\asus\desktop\蘑菇头.final\riskplus\sourcecode\src\lessonx.cpp(1164): warning C4244: “参数”: 从“float”转换到“int”，可能丢失数据
c:\users\asus\desktop\蘑菇头.final\riskplus\sourcecode\src\lessonx.cpp(1381): warning C4244: “初始化”: 从“float”转换到“int”，可能丢失数据
c:\users\asus\desktop\蘑菇头.final\riskplus\sourcecode\src\lessonx.cpp(1382): warning C4244: “初始化”: 从“float”转换到“int”，可能丢失数据
c:\users\asus\desktop\蘑菇头.final\riskplus\sourcecode\src\lessonx.cpp(1388): warning C4244: “参数”: 从“int”转换到“const float”，可能丢失数据
c:\users\asus\desktop\蘑菇头.final\riskplus\sourcecode\src\lessonx.cpp(1390): warning C4244: “参数”: 从“int”转换到“const float”，可能丢失数据
c:\users\asus\desktop\蘑菇头.final\riskplus\sourcecode\src\lessonx.cpp(1419): warning C4244: “参数”: 从“int”转换到“const float”，可能丢失数据
c:\users\asus\desktop\蘑菇头.final\riskplus\sourcecode\src\lessonx.cpp(1420): warning C4244: “参数”: 从“int”转换到“const float”，可能丢失数据
c:\users\asus\desktop\蘑菇头.final\riskplus\sourcecode\src\lessonx.cpp(1435): warning C4244: “=”: 从“float”转换到“int”，可能丢失数据
c:\users\asus\desktop\蘑菇头.final\riskplus\sourcecode\src\lessonx.cpp(1436): warning C4244: “=”: 从“float”转换到“int”，可能丢失数据
c:\users\asus\desktop\蘑菇头.final\riskplus\sourcecode\src\lessonx.cpp(1437): warning C4244: “参数”: 从“int”转换到“const float”，可能丢失数据
ResourceCompile:
  所有输出均为最新。
Link:
  D:\VC2012\VC\bin\link.exe /ERRORREPORT:PROMPT /OUT:"..\..\..\Bin\Game.exe" /INCREMENTAL:NO /NOLOGO Winmm.lib ..\..\Src\CommonClass_2010.Lib kernel32.lib user32.lib gdi32.lib winspool.lib comdlg32.lib advapi32.lib shell32.lib ole32.lib oleaut32.lib uuid.lib odbc32.lib odbccp32.lib /MANIFEST:NO /DEBUG /PDB:"Debug\Game.pdb" /SUBSYSTEM:WINDOWS /TLBID:1 /DYNAMICBASE /NXCOMPAT /IMPLIB:"..\..\..\Bin\Game.lib" /MACHINE:X86 /SAFESEH Debug\VCTemplate.res
  Debug\LessonX.obj
  Debug\Main.obj
LessonX.obj : warning LNK4075: 忽略“/EDITANDCONTINUE”(由于“/OPT:LBR”规范)
LINK : warning LNK4098: 默认库“LIBCMT”与其他库的使用冲突；请使用 /NODEFAULTLIB:library
CommonClass_2010.Lib(CommonClass.obj) : warning LNK4099: 未找到 PDB“vc100.pdb”(使用“CommonClass_2010.Lib(CommonClass.obj)”或在“C:\Users\asus\Desktop\蘑菇头.Final\RiskPlus\SourceCode\VCProject2010\VCProject2010\Debug\vc100.pdb”中寻找)；正在链接对象，如同没有调试信息一样
  VCProject2010.vcxproj -> C:\Users\asus\Desktop\蘑菇头.Final\RiskPlus\SourceCode\VCProject2010\VCProject2010\..\..\..\Bin\Game.exe
CopyFilesToOutputDirectory:
  正在将文件从“Debug\Game.pdb”复制到“..\..\..\Bin\Game.pdb”。
FinalizeBuildStatus:
  正在删除文件“Debug\VCProject2010.unsuccessfulbuild”。
  正在对“Debug\VCProject2010.lastbuildstate”执行 Touch 任务。
已完成生成项目“C:\Users\asus\Desktop\蘑菇头.Final\RiskPlus\SourceCode\VCProject2010\VCProject2010\VCProject2010.vcxproj”(Build 个目标)的操作。

生成成功。

已用时间 00:00:04.84
